+-------------------------------------------------+
|                     Pondelok                    |
+-------------------------------------------------+
|                    STATISTIKY                   |
+-------------------------------------------------+
| Pocet zakaznikov                    :        447|
| Pocet nespokojnych zakaznikov       :          0|
| Pocet zakaznikov pre squash         :         32|
| Pocet zakaznikov pre gym            :        431|
| Cakanie na kluce od skrinky (gym)   :       0.00|
| Cakanie na kluce od skrinky (squash):       0.00|
| Cakanie na kurt pre squash          :       0.00|
| Cakanie na stroj `pull`             :      17.84|
| Cakanie na stroj `push`             :       0.00|
| Cakanie na stroj `legs`             :       2.36|
| Cakanie pre box                     :      25.50|
| Cakanie pre kardio                  :       0.00|
+-------------------------------------------------+


+-------------------------------------------------+
|                      Utorok                     |
+-------------------------------------------------+
|                    STATISTIKY                   |
+-------------------------------------------------+
| Pocet zakaznikov                    :        516|
| Pocet nespokojnych zakaznikov       :          0|
| Pocet zakaznikov pre squash         :         56|
| Pocet zakaznikov pre gym            :        488|
| Cakanie na kluce od skrinky (gym)   :       0.00|
| Cakanie na kluce od skrinky (squash):       0.00|
| Cakanie na kurt pre squash          :      23.79|
| Cakanie na stroj `pull`             :      31.79|
| Cakanie na stroj `push`             :      99.55|
| Cakanie na stroj `legs`             :     170.31|
| Cakanie pre box                     :       8.68|
| Cakanie pre kardio                  :       0.00|
+-------------------------------------------------+


+-------------------------------------------------+
|                      Streda                     |
+-------------------------------------------------+
|                    STATISTIKY                   |
+-------------------------------------------------+
| Pocet zakaznikov                    :        561|
| Pocet nespokojnych zakaznikov       :          1|
| Pocet zakaznikov pre squash         :         62|
| Pocet zakaznikov pre gym            :        530|
| Cakanie na kluce od skrinky (gym)   :     278.34|
| Cakanie na kluce od skrinky (squash):       0.00|
| Cakanie na kurt pre squash          :     198.82|
| Cakanie na stroj `pull`             :     157.78|
| Cakanie na stroj `push`             :     247.94|
| Cakanie na stroj `legs`             :     535.79|
| Cakanie pre box                     :     607.78|
| Cakanie pre kardio                  :       0.00|
+-------------------------------------------------+


+-------------------------------------------------+
|                     Stvrtok                    |
+-------------------------------------------------+
|                    STATISTIKY                   |
+-------------------------------------------------+
| Pocet zakaznikov                    :        528|
| Pocet nespokojnych zakaznikov       :          2|
| Pocet zakaznikov pre squash         :         66|
| Pocet zakaznikov pre gym            :        495|
| Cakanie na kluce od skrinky (gym)   :       0.00|
| Cakanie na kluce od skrinky (squash):      12.10|
| Cakanie na kurt pre squash          :     239.41|
| Cakanie na stroj `pull`             :      45.76|
| Cakanie na stroj `push`             :       0.00|
| Cakanie na stroj `legs`             :      78.92|
| Cakanie pre box                     :     338.01|
| Cakanie pre kardio                  :       0.00|
+-------------------------------------------------+


+-------------------------------------------------+
|                      Piatok                     |
+-------------------------------------------------+
|                    STATISTIKY                   |
+-------------------------------------------------+
| Pocet zakaznikov                    :        516|
| Pocet nespokojnych zakaznikov       :          2|
| Pocet zakaznikov pre squash         :         70|
| Pocet zakaznikov pre gym            :        481|
| Cakanie na kluce od skrinky (gym)   :     398.02|
| Cakanie na kluce od skrinky (squash):       0.00|
| Cakanie na kurt pre squash          :     136.49|
| Cakanie na stroj `pull`             :     294.86|
| Cakanie na stroj `push`             :       1.64|
| Cakanie na stroj `legs`             :    1884.79|
| Cakanie pre box                     :      72.18|
| Cakanie pre kardio                  :       0.00|
+-------------------------------------------------+


+-------------------------------------------------+
|                      Sobota                     |
+-------------------------------------------------+
|                    STATISTIKY                   |
+-------------------------------------------------+
| Pocet zakaznikov                    :        385|
| Pocet nespokojnych zakaznikov       :          0|
| Pocet zakaznikov pre squash         :         46|
| Pocet zakaznikov pre gym            :        362|
| Cakanie na kluce od skrinky (gym)   :       0.00|
| Cakanie na kluce od skrinky (squash):       0.00|
| Cakanie na kurt pre squash          :      49.80|
| Cakanie na stroj `pull`             :       0.00|
| Cakanie na stroj `push`             :       0.00|
| Cakanie na stroj `legs`             :       0.00|
| Cakanie pre box                     :       0.00|
| Cakanie pre kardio                  :       0.00|
+-------------------------------------------------+


+-------------------------------------------------+
|                      Nedela                     |
+-------------------------------------------------+
|                    STATISTIKY                   |
+-------------------------------------------------+
| Pocet zakaznikov                    :        322|
| Pocet nespokojnych zakaznikov       :          0|
| Pocet zakaznikov pre squash         :         26|
| Pocet zakaznikov pre gym            :        309|
| Cakanie na kluce od skrinky (gym)   :       0.00|
| Cakanie na kluce od skrinky (squash):       0.00|
| Cakanie na kurt pre squash          :       0.00|
| Cakanie na stroj `pull`             :       0.00|
| Cakanie na stroj `push`             :       0.00|
| Cakanie na stroj `legs`             :       0.00|
| Cakanie pre box                     :       0.00|
| Cakanie pre kardio                  :       0.00|
+-------------------------------------------------+


+--------------------------------------------------------------------------------+
|                                WEEK REPORT                                     |
+--------------------------------------------------------------------------------+
| Celkovy pocet zakaznikov                                    : 3275             |
| Celkovy pocet nespokojnych zakaznikov                       : 5                |
| Celkovy pocet zakaznikov pre squash                         : 358              |
| Celkovy pocet zakaznikov pre gym                            : 3096             |
+--------------------------------------------------------------------------------+
| Priemerny cas cakania na kluce gym (min)                    : 0.22             |
| Priemerny cas cakania na kluce squash (min)                 : 0.03             |
| Priemerny cas cakania na kurt (min)                         : 1.81             |
| Priemerny cas cakania na stroj `pull` (min)                 : 0.75             |
| Priemerny cas cakania na stroj `push` (min)                 : 0.49             |
| Priemerny cas cakania na stroj `legs` (min)                 : 3.14             |
| Priemerny cas cakania pre box (min)                         : 5.21             |
| Priemerny cas cakania pre kardio (min)                      : 0.00             |
+--------------------------------------------------------------------------------+
| Nespokojni zakaznici, ktori odisli pretoze kluce gym        : 0                |
| Nespokojni zakaznici, ktori odisli pretoze kluce squash     : 1                |
| Nespokojni zakaznici, ktori odisli pretoze kurt na squash   : 4                |
+--------------------------------------------------------------------------------+
| Celkovy pocet zakaznikov, ktori cvicili 'pull'              : 733              |
| Celkovy pocet zakaznikov, ktori cvicili 'push'              : 719              |
| Celkovy pocet zakaznikov, ktori cvicili 'legs'              : 850              |
| Celkovy pocet zakaznikov, ktori cvicili 'box'               : 202              |
| Celkovy pocet zakaznikov, ktori cvicili 'kardio'            : 443              |
+--------------------------------------------------------------------------------+
